{"timestamp":1773456624161,"level":"INFO","category":"EXIT","message":"[WS Server] Auto-Exit settings loaded: autoExit=true autoTrade=true autoTradeUser=admin@tradeictearner.online"}
{"timestamp":1773456624382,"level":"INFO","category":"SYSTEM","message":"[WsManager] Bybit Linear WebSocket connected"}
{"timestamp":1773456624575,"level":"INFO","category":"SYSTEM","message":"[WsManager] Binance Futures WebSocket connected"}
{"timestamp":1773456634398,"level":"INFO","category":"SYSTEM","message":"[WS Server] Listening on ws://0.0.0.0:8080"}
{"timestamp":1773456634398,"level":"INFO","category":"SYSTEM","message":"[WS Server] Tracking 50 symbols: 0GUSDT, 1000000MOGUSDT, 1000BONKUSDT, 1000CATUSDT, 1000FLOKIUSDT, 1000LUNCUSDT, 1000PEPEUSDT, 1000RATSUSDT..."}
{"timestamp":1773456634399,"level":"INFO","category":"EXIT","message":"[WS Server] Auto-Exit monitor started (autoExit=true)."}
{"timestamp":1773456644488,"level":"INFO","category":"ENTRY","message":"[AUTO-TRADE] Using API keys for admin@tradeictearner.online (from Save settings)."}
{"timestamp":1773456644495,"level":"INFO","category":"ENTRY","message":"[AUTO-TRADE] Skipped: private WS not connected."}
{"timestamp":1773456654487,"level":"INFO","category":"ENTRY","message":"[AUTO-TRADE] No eligible tokens (slots 0/3). Filters or market may exclude all."}
{"timestamp":1773456664486,"level":"INFO","category":"ENTRY","message":"[AUTO-TRADE] No eligible tokens (slots 0/3). Filters or market may exclude all."}
{"timestamp":1773456674486,"level":"INFO","category":"ENTRY","message":"[AUTO-TRADE] No eligible tokens (slots 0/3). Filters or market may exclude all."}
{"timestamp":1773456684488,"level":"INFO","category":"ENTRY","message":"[AUTO-TRADE] No eligible tokens (slots 0/3). Filters or market may exclude all."}
{"timestamp":1773456694489,"level":"INFO","category":"ENTRY","message":"[AUTO-TRADE] No eligible tokens (slots 0/3). Filters or market may exclude all."}
{"timestamp":1773456704492,"level":"INFO","category":"ENTRY","message":"[AUTO-TRADE] No eligible tokens (slots 0/3). Filters or market may exclude all."}
{"timestamp":1773456714489,"level":"INFO","category":"ENTRY","message":"[AUTO-TRADE] No eligible tokens (slots 0/3). Filters or market may exclude all."}
{"timestamp":1773456724498,"level":"INFO","category":"ENTRY","message":"[AUTO-TRADE] No eligible tokens (slots 0/3). Filters or market may exclude all."}
{"timestamp":1773456734489,"level":"INFO","category":"ENTRY","message":"[AUTO-TRADE] No eligible tokens (slots 0/3). Filters or market may exclude all."}
{"timestamp":1773456744495,"level":"INFO","category":"ENTRY","message":"[AUTO-TRADE] No eligible tokens (slots 0/3). Filters or market may exclude all."}
{"timestamp":1773456754491,"level":"INFO","category":"ENTRY","message":"[AUTO-TRADE] No eligible tokens (slots 0/3). Filters or market may exclude all."}
{"timestamp":1773456764493,"level":"INFO","category":"ENTRY","message":"[AUTO-TRADE] No eligible tokens (slots 0/3). Filters or market may exclude all."}
{"timestamp":1773456774492,"level":"INFO","category":"ENTRY","message":"[AUTO-TRADE] No eligible tokens (slots 0/3). Filters or market may exclude all."}
{"timestamp":1773456784490,"level":"INFO","category":"ENTRY","message":"[AUTO-TRADE] No eligible tokens (slots 0/3). Filters or market may exclude all."}
{"timestamp":1773456794494,"level":"INFO","category":"ENTRY","message":"[AUTO-TRADE] No eligible tokens (slots 0/3). Filters or market may exclude all."}
{"timestamp":1773456804502,"level":"INFO","category":"ENTRY","message":"[AUTO-TRADE] No eligible tokens (slots 0/3). Filters or market may exclude all."}
{"timestamp":1773456814491,"level":"INFO","category":"ENTRY","message":"[AUTO-TRADE] No eligible tokens (slots 0/3). Filters or market may exclude all."}
{"timestamp":1773456824495,"level":"INFO","category":"ENTRY","message":"[AUTO-TRADE] No eligible tokens (slots 0/3). Filters or market may exclude all."}
{"timestamp":1773456834494,"level":"INFO","category":"ENTRY","message":"[AUTO-TRADE] No eligible tokens (slots 0/3). Filters or market may exclude all."}
{"timestamp":1773456844506,"level":"INFO","category":"ENTRY","message":"[AUTO-TRADE] No eligible tokens (slots 0/3). Filters or market may exclude all."}
{"timestamp":1773456854493,"level":"INFO","category":"ENTRY","message":"[AUTO-TRADE] No eligible tokens (slots 0/3). Filters or market may exclude all."}
{"timestamp":1773456864493,"level":"INFO","category":"ENTRY","message":"[AUTO-TRADE] No eligible tokens (slots 0/3). Filters or market may exclude all."}
{"timestamp":1773456874494,"level":"INFO","category":"ENTRY","message":"[AUTO-TRADE] No eligible tokens (slots 0/3). Filters or market may exclude all."}
{"timestamp":1773456884494,"level":"INFO","category":"ENTRY","message":"[AUTO-TRADE] No eligible tokens (slots 0/3). Filters or market may exclude all."}
{"timestamp":1773456894497,"level":"INFO","category":"ENTRY","message":"[AUTO-TRADE] No eligible tokens (slots 0/3). Filters or market may exclude all."}
{"timestamp":1773456904496,"level":"INFO","category":"ENTRY","message":"[AUTO-TRADE] No eligible tokens (slots 0/3). Filters or market may exclude all."}
{"timestamp":1773456914497,"level":"INFO","category":"ENTRY","message":"[AUTO-TRADE] No eligible tokens (slots 0/3). Filters or market may exclude all."}
{"timestamp":1773456924502,"level":"INFO","category":"ENTRY","message":"[AUTO-TRADE] No eligible tokens (slots 0/3). Filters or market may exclude all."}
{"timestamp":1773456934497,"level":"INFO","category":"ENTRY","message":"[AUTO-TRADE] No eligible tokens (slots 0/3). Filters or market may exclude all."}
{"timestamp":1773456944495,"level":"INFO","category":"ENTRY","message":"[AUTO-TRADE] No eligible tokens (slots 0/3). Filters or market may exclude all."}
{"timestamp":1773456954499,"level":"INFO","category":"ENTRY","message":"[AUTO-TRADE] No eligible tokens (slots 0/3). Filters or market may exclude all."}
{"timestamp":1773456964497,"level":"INFO","category":"ENTRY","message":"[AUTO-TRADE] No eligible tokens (slots 0/3). Filters or market may exclude all."}
{"timestamp":1773456974497,"level":"INFO","category":"ENTRY","message":"[AUTO-TRADE] No eligible tokens (slots 0/3). Filters or market may exclude all."}
{"timestamp":1773456984507,"level":"INFO","category":"ENTRY","message":"[AUTO-TRADE] No eligible tokens (slots 0/3). Filters or market may exclude all."}
{"timestamp":1773456992009,"level":"INFO","category":"EXIT","message":"[WS Server] Auto-Exit settings loaded: autoExit=true autoTrade=true autoTradeUser=admin@tradeictearner.online"}
{"timestamp":1773456992061,"level":"ERROR","category":"SYSTEM","message":"[FATAL] Uncaught Exception: {\"code\":\"EADDRINUSE\",\"errno\":-98,\"syscall\":\"listen\",\"address\":\"::\",\"port\":8080}"}
{"timestamp":1773456992231,"level":"INFO","category":"SYSTEM","message":"[WsManager] Bybit Linear WebSocket connected"}
{"timestamp":1773456992420,"level":"INFO","category":"SYSTEM","message":"[WsManager] Binance Futures WebSocket connected"}
{"timestamp":1773456994498,"level":"INFO","category":"ENTRY","message":"[AUTO-TRADE] No eligible tokens (slots 0/3). Filters or market may exclude all."}
{"timestamp":1773457002196,"level":"INFO","category":"SYSTEM","message":"[WS Server] Listening on ws://0.0.0.0:8080"}
{"timestamp":1773457002196,"level":"INFO","category":"SYSTEM","message":"[WS Server] Tracking 50 symbols: 0GUSDT, 1000000MOGUSDT, 1000BONKUSDT, 1000CATUSDT, 1000FLOKIUSDT, 1000LUNCUSDT, 1000PEPEUSDT, 1000RATSUSDT..."}
{"timestamp":1773457002197,"level":"INFO","category":"EXIT","message":"[WS Server] Auto-Exit monitor started (autoExit=true)."}
{"timestamp":1773457004497,"level":"INFO","category":"ENTRY","message":"[AUTO-TRADE] No eligible tokens (slots 0/3). Filters or market may exclude all."}
{"timestamp":1773457012279,"level":"INFO","category":"ENTRY","message":"[AUTO-TRADE] Using API keys for admin@tradeictearner.online (from Save settings)."}
{"timestamp":1773457012280,"level":"INFO","category":"ENTRY","message":"[AUTO-TRADE] Skipped: private WS not connected."}
{"timestamp":1773457014496,"level":"INFO","category":"ENTRY","message":"[AUTO-TRADE] No eligible tokens (slots 0/3). Filters or market may exclude all."}
{"timestamp":1773457022286,"level":"INFO","category":"ENTRY","message":"[AUTO-TRADE] No eligible tokens (slots 0/3). Filters or market may exclude all."}
{"timestamp":1773457024496,"level":"INFO","category":"ENTRY","message":"[AUTO-TRADE] No eligible tokens (slots 0/3). Filters or market may exclude all."}
{"timestamp":1773457032290,"level":"INFO","category":"ENTRY","message":"[AUTO-TRADE] No eligible tokens (slots 0/3). Filters or market may exclude all."}
{"timestamp":1773457034496,"level":"INFO","category":"ENTRY","message":"[AUTO-TRADE] No eligible tokens (slots 0/3). Filters or market may exclude all."}
{"timestamp":1773457042284,"level":"INFO","category":"ENTRY","message":"[AUTO-TRADE] No eligible tokens (slots 0/3). Filters or market may exclude all."}
{"timestamp":1773457044500,"level":"INFO","category":"ENTRY","message":"[AUTO-TRADE] No eligible tokens (slots 0/3). Filters or market may exclude all."}
{"timestamp":1773457052283,"level":"INFO","category":"ENTRY","message":"[AUTO-TRADE] No eligible tokens (slots 0/3). Filters or market may exclude all."}
{"timestamp":1773457054498,"level":"INFO","category":"ENTRY","message":"[AUTO-TRADE] No eligible tokens (slots 0/3). Filters or market may exclude all."}
{"timestamp":1773457062281,"level":"INFO","category":"ENTRY","message":"[AUTO-TRADE] No eligible tokens (slots 0/3). Filters or market may exclude all."}
{"timestamp":1773457064497,"level":"INFO","category":"ENTRY","message":"[AUTO-TRADE] No eligible tokens (slots 0/3). Filters or market may exclude all."}
{"timestamp":1773457072281,"level":"INFO","category":"ENTRY","message":"[AUTO-TRADE] No eligible tokens (slots 0/3). Filters or market may exclude all."}
{"timestamp":1773457074496,"level":"INFO","category":"ENTRY","message":"[AUTO-TRADE] No eligible tokens (slots 0/3). Filters or market may exclude all."}
{"timestamp":1773457082285,"level":"INFO","category":"ENTRY","message":"[AUTO-TRADE] No eligible tokens (slots 0/3). Filters or market may exclude all."}
{"timestamp":1773457084503,"level":"INFO","category":"ENTRY","message":"[AUTO-TRADE] No eligible tokens (slots 0/3). Filters or market may exclude all."}
{"timestamp":1773457092288,"level":"INFO","category":"ENTRY","message":"[AUTO-TRADE] No eligible tokens (slots 0/3). Filters or market may exclude all."}
{"timestamp":1773457094501,"level":"INFO","category":"ENTRY","message":"[AUTO-TRADE] No eligible tokens (slots 0/3). Filters or market may exclude all."}
{"timestamp":1773457102284,"level":"INFO","category":"ENTRY","message":"[AUTO-TRADE] No eligible tokens (slots 0/3). Filters or market may exclude all."}
{"timestamp":1773457104502,"level":"INFO","category":"ENTRY","message":"[AUTO-TRADE] No eligible tokens (slots 0/3). Filters or market may exclude all."}
{"timestamp":1773457112285,"level":"INFO","category":"ENTRY","message":"[AUTO-TRADE] No eligible tokens (slots 0/3). Filters or market may exclude all."}
{"timestamp":1773457114500,"level":"INFO","category":"ENTRY","message":"[AUTO-TRADE] No eligible tokens (slots 0/3). Filters or market may exclude all."}
{"timestamp":1773457122285,"level":"INFO","category":"ENTRY","message":"[AUTO-TRADE] No eligible tokens (slots 0/3). Filters or market may exclude all."}
{"timestamp":1773457124503,"level":"INFO","category":"ENTRY","message":"[AUTO-TRADE] No eligible tokens (slots 0/3). Filters or market may exclude all."}
{"timestamp":1773457132287,"level":"INFO","category":"ENTRY","message":"[AUTO-TRADE] No eligible tokens (slots 0/3). Filters or market may exclude all."}
{"timestamp":1773457134498,"level":"INFO","category":"ENTRY","message":"[AUTO-TRADE] No eligible tokens (slots 0/3). Filters or market may exclude all."}
{"timestamp":1773457142285,"level":"INFO","category":"ENTRY","message":"[AUTO-TRADE] No eligible tokens (slots 0/3). Filters or market may exclude all."}
{"timestamp":1773457144503,"level":"INFO","category":"ENTRY","message":"[AUTO-TRADE] No eligible tokens (slots 0/3). Filters or market may exclude all."}
{"timestamp":1773457152285,"level":"INFO","category":"ENTRY","message":"[AUTO-TRADE] No eligible tokens (slots 0/3). Filters or market may exclude all."}
{"timestamp":1773457154511,"level":"INFO","category":"ENTRY","message":"[AUTO-TRADE] No eligible tokens (slots 0/3). Filters or market may exclude all."}
{"timestamp":1773457162286,"level":"INFO","category":"ENTRY","message":"[AUTO-TRADE] No eligible tokens (slots 0/3). Filters or market may exclude all."}
{"timestamp":1773457164506,"level":"INFO","category":"ENTRY","message":"[AUTO-TRADE] No eligible tokens (slots 0/3). Filters or market may exclude all."}
{"timestamp":1773457172283,"level":"INFO","category":"ENTRY","message":"[AUTO-TRADE] No eligible tokens (slots 0/3). Filters or market may exclude all."}
{"timestamp":1773457174505,"level":"INFO","category":"ENTRY","message":"[AUTO-TRADE] No eligible tokens (slots 0/3). Filters or market may exclude all."}
{"timestamp":1773457182285,"level":"INFO","category":"ENTRY","message":"[AUTO-TRADE] No eligible tokens (slots 0/3). Filters or market may exclude all."}
{"timestamp":1773457184502,"level":"INFO","category":"ENTRY","message":"[AUTO-TRADE] No eligible tokens (slots 0/3). Filters or market may exclude all."}
{"timestamp":1773457192284,"level":"INFO","category":"ENTRY","message":"[AUTO-TRADE] No eligible tokens (slots 0/3). Filters or market may exclude all."}
{"timestamp":1773457194505,"level":"INFO","category":"ENTRY","message":"[AUTO-TRADE] No eligible tokens (slots 0/3). Filters or market may exclude all."}
{"timestamp":1773457202377,"level":"INFO","category":"ENTRY","message":"[AUTO-TRADE] No eligible tokens (slots 0/3). Filters or market may exclude all."}
{"timestamp":1773457204539,"level":"INFO","category":"ENTRY","message":"[AUTO-TRADE] No eligible tokens (slots 0/3). Filters or market may exclude all."}
{"timestamp":1773457212286,"level":"INFO","category":"ENTRY","message":"[AUTO-TRADE] No eligible tokens (slots 0/3). Filters or market may exclude all."}
{"timestamp":1773457214508,"level":"INFO","category":"ENTRY","message":"[AUTO-TRADE] No eligible tokens (slots 0/3). Filters or market may exclude all."}
{"timestamp":1773457222288,"level":"INFO","category":"ENTRY","message":"[AUTO-TRADE] No eligible tokens (slots 0/3). Filters or market may exclude all."}
{"timestamp":1773457224520,"level":"INFO","category":"ENTRY","message":"[AUTO-TRADE] No eligible tokens (slots 0/3). Filters or market may exclude all."}
{"timestamp":1773457232286,"level":"INFO","category":"ENTRY","message":"[AUTO-TRADE] No eligible tokens (slots 0/3). Filters or market may exclude all."}
{"timestamp":1773457234506,"level":"INFO","category":"ENTRY","message":"[AUTO-TRADE] No eligible tokens (slots 0/3). Filters or market may exclude all."}
{"timestamp":1773457242287,"level":"INFO","category":"ENTRY","message":"[AUTO-TRADE] No eligible tokens (slots 0/3). Filters or market may exclude all."}
{"timestamp":1773457244505,"level":"INFO","category":"ENTRY","message":"[AUTO-TRADE] No eligible tokens (slots 0/3). Filters or market may exclude all."}
{"timestamp":1773457246472,"level":"INFO","category":"EXIT","message":"[CHUNK-SYSTEM] Auto-Exit: Private WS disconnected. Reconnecting..."}
{"timestamp":1773457252287,"level":"INFO","category":"ENTRY","message":"[AUTO-TRADE] No eligible tokens (slots 0/3). Filters or market may exclude all."}
{"timestamp":1773457254503,"level":"INFO","category":"ENTRY","message":"[AUTO-TRADE] No eligible tokens (slots 0/3). Filters or market may exclude all."}
{"timestamp":1773457262288,"level":"INFO","category":"ENTRY","message":"[AUTO-TRADE] No eligible tokens (slots 0/3). Filters or market may exclude all."}
{"timestamp":1773457264505,"level":"INFO","category":"ENTRY","message":"[AUTO-TRADE] No eligible tokens (slots 0/3). Filters or market may exclude all."}
{"timestamp":1773457272288,"level":"INFO","category":"ENTRY","message":"[AUTO-TRADE] No eligible tokens (slots 0/3). Filters or market may exclude all."}
{"timestamp":1773457274508,"level":"INFO","category":"ENTRY","message":"[AUTO-TRADE] No eligible tokens (slots 0/3). Filters or market may exclude all."}
{"timestamp":1773457282286,"level":"INFO","category":"ENTRY","message":"[AUTO-TRADE] No eligible tokens (slots 0/3). Filters or market may exclude all."}
{"timestamp":1773457284507,"level":"INFO","category":"ENTRY","message":"[AUTO-TRADE] No eligible tokens (slots 0/3). Filters or market may exclude all."}
{"timestamp":1773457292292,"level":"INFO","category":"ENTRY","message":"[AUTO-TRADE] No eligible tokens (slots 0/3). Filters or market may exclude all."}
{"timestamp":1773457294508,"level":"INFO","category":"ENTRY","message":"[AUTO-TRADE] No eligible tokens (slots 0/3). Filters or market may exclude all."}
{"timestamp":1773457302292,"level":"INFO","category":"ENTRY","message":"[AUTO-TRADE] No eligible tokens (slots 0/3). Filters or market may exclude all."}
{"timestamp":1773457304504,"level":"INFO","category":"ENTRY","message":"[AUTO-TRADE] No eligible tokens (slots 0/3). Filters or market may exclude all."}
{"timestamp":1773457312295,"level":"INFO","category":"ENTRY","message":"[AUTO-TRADE] No eligible tokens (slots 0/3). Filters or market may exclude all."}
{"timestamp":1773457314505,"level":"INFO","category":"ENTRY","message":"[AUTO-TRADE] No eligible tokens (slots 0/3). Filters or market may exclude all."}
{"timestamp":1773457322295,"level":"INFO","category":"ENTRY","message":"[AUTO-TRADE] No eligible tokens (slots 0/3). Filters or market may exclude all."}
{"timestamp":1773457324513,"level":"INFO","category":"ENTRY","message":"[AUTO-TRADE] No eligible tokens (slots 0/3). Filters or market may exclude all."}
{"timestamp":1773457332288,"level":"INFO","category":"ENTRY","message":"[AUTO-TRADE] No eligible tokens (slots 0/3). Filters or market may exclude all."}
{"timestamp":1773457334504,"level":"INFO","category":"ENTRY","message":"[AUTO-TRADE] No eligible tokens (slots 0/3). Filters or market may exclude all."}
{"timestamp":1773457342294,"level":"INFO","category":"ENTRY","message":"[AUTO-TRADE] No eligible tokens (slots 0/3). Filters or market may exclude all."}
{"timestamp":1773457344507,"level":"INFO","category":"ENTRY","message":"[AUTO-TRADE] No eligible tokens (slots 0/3). Filters or market may exclude all."}
{"timestamp":1773457352286,"level":"INFO","category":"ENTRY","message":"[AUTO-TRADE] No eligible tokens (slots 0/3). Filters or market may exclude all."}
{"timestamp":1773457354504,"level":"INFO","category":"ENTRY","message":"[AUTO-TRADE] No eligible tokens (slots 0/3). Filters or market may exclude all."}
{"timestamp":1773457362288,"level":"INFO","category":"ENTRY","message":"[AUTO-TRADE] No eligible tokens (slots 0/3). Filters or market may exclude all."}
{"timestamp":1773457364516,"level":"INFO","category":"ENTRY","message":"[AUTO-TRADE] No eligible tokens (slots 0/3). Filters or market may exclude all."}
{"timestamp":1773457372290,"level":"INFO","category":"ENTRY","message":"[AUTO-TRADE] No eligible tokens (slots 0/3). Filters or market may exclude all."}
{"timestamp":1773457374514,"level":"INFO","category":"ENTRY","message":"[AUTO-TRADE] No eligible tokens (slots 0/3). Filters or market may exclude all."}
{"timestamp":1773457382290,"level":"INFO","category":"ENTRY","message":"[AUTO-TRADE] No eligible tokens (slots 0/3). Filters or market may exclude all."}
{"timestamp":1773457384507,"level":"INFO","category":"ENTRY","message":"[AUTO-TRADE] No eligible tokens (slots 0/3). Filters or market may exclude all."}
{"timestamp":1773457392289,"level":"INFO","category":"ENTRY","message":"[AUTO-TRADE] No eligible tokens (slots 0/3). Filters or market may exclude all."}
{"timestamp":1773457394504,"level":"INFO","category":"ENTRY","message":"[AUTO-TRADE] No eligible tokens (slots 0/3). Filters or market may exclude all."}
{"timestamp":1773457402290,"level":"INFO","category":"ENTRY","message":"[AUTO-TRADE] No eligible tokens (slots 0/3). Filters or market may exclude all."}
{"timestamp":1773457404515,"level":"INFO","category":"ENTRY","message":"[AUTO-TRADE] No eligible tokens (slots 0/3). Filters or market may exclude all."}
{"timestamp":1773457412296,"level":"INFO","category":"ENTRY","message":"[AUTO-TRADE] No eligible tokens (slots 0/3). Filters or market may exclude all."}
{"timestamp":1773457414510,"level":"INFO","category":"ENTRY","message":"[AUTO-TRADE] No eligible tokens (slots 0/3). Filters or market may exclude all."}
{"timestamp":1773457422294,"level":"INFO","category":"ENTRY","message":"[AUTO-TRADE] No eligible tokens (slots 0/3). Filters or market may exclude all."}
{"timestamp":1773457424512,"level":"INFO","category":"ENTRY","message":"[AUTO-TRADE] No eligible tokens (slots 0/3). Filters or market may exclude all."}
{"timestamp":1773457432290,"level":"INFO","category":"ENTRY","message":"[AUTO-TRADE] No eligible tokens (slots 0/3). Filters or market may exclude all."}
{"timestamp":1773457434510,"level":"INFO","category":"ENTRY","message":"[AUTO-TRADE] No eligible tokens (slots 0/3). Filters or market may exclude all."}
{"timestamp":1773457442298,"level":"INFO","category":"ENTRY","message":"[AUTO-TRADE] No eligible tokens (slots 0/3). Filters or market may exclude all."}
{"timestamp":1773457444512,"level":"INFO","category":"ENTRY","message":"[AUTO-TRADE] No eligible tokens (slots 0/3). Filters or market may exclude all."}
{"timestamp":1773457452290,"level":"INFO","category":"ENTRY","message":"[AUTO-TRADE] No eligible tokens (slots 0/3). Filters or market may exclude all."}
{"timestamp":1773457454512,"level":"INFO","category":"ENTRY","message":"[AUTO-TRADE] No eligible tokens (slots 0/3). Filters or market may exclude all."}
{"timestamp":1773457462291,"level":"INFO","category":"ENTRY","message":"[AUTO-TRADE] No eligible tokens (slots 0/3). Filters or market may exclude all."}
{"timestamp":1773457464513,"level":"INFO","category":"ENTRY","message":"[AUTO-TRADE] No eligible tokens (slots 0/3). Filters or market may exclude all."}
{"timestamp":1773457472294,"level":"INFO","category":"ENTRY","message":"[AUTO-TRADE] No eligible tokens (slots 0/3). Filters or market may exclude all."}
{"timestamp":1773457474512,"level":"INFO","category":"ENTRY","message":"[AUTO-TRADE] No eligible tokens (slots 0/3). Filters or market may exclude all."}
{"timestamp":1773457482292,"level":"INFO","category":"ENTRY","message":"[AUTO-TRADE] No eligible tokens (slots 0/3). Filters or market may exclude all."}
{"timestamp":1773457484511,"level":"INFO","category":"ENTRY","message":"[AUTO-TRADE] No eligible tokens (slots 0/3). Filters or market may exclude all."}
{"timestamp":1773457492302,"level":"INFO","category":"ENTRY","message":"[AUTO-TRADE] No eligible tokens (slots 0/3). Filters or market may exclude all."}
{"timestamp":1773457494510,"level":"INFO","category":"ENTRY","message":"[AUTO-TRADE] No eligible tokens (slots 0/3). Filters or market may exclude all."}
{"timestamp":1773457502344,"level":"INFO","category":"ENTRY","message":"[AUTO-TRADE] No eligible tokens (slots 0/3). Filters or market may exclude all."}
{"timestamp":1773457504516,"level":"INFO","category":"ENTRY","message":"[AUTO-TRADE] No eligible tokens (slots 0/3). Filters or market may exclude all."}
{"timestamp":1773457512294,"level":"INFO","category":"ENTRY","message":"[AUTO-TRADE] No eligible tokens (slots 0/3). Filters or market may exclude all."}
{"timestamp":1773457514513,"level":"INFO","category":"ENTRY","message":"[AUTO-TRADE] No eligible tokens (slots 0/3). Filters or market may exclude all."}
{"timestamp":1773457522292,"level":"INFO","category":"ENTRY","message":"[AUTO-TRADE] No eligible tokens (slots 0/3). Filters or market may exclude all."}
{"timestamp":1773457524511,"level":"INFO","category":"ENTRY","message":"[AUTO-TRADE] No eligible tokens (slots 0/3). Filters or market may exclude all."}
{"timestamp":1773457532293,"level":"INFO","category":"ENTRY","message":"[AUTO-TRADE] No eligible tokens (slots 0/3). Filters or market may exclude all."}
{"timestamp":1773457534513,"level":"INFO","category":"ENTRY","message":"[AUTO-TRADE] No eligible tokens (slots 0/3). Filters or market may exclude all."}
{"timestamp":1773457542296,"level":"INFO","category":"ENTRY","message":"[AUTO-TRADE] No eligible tokens (slots 0/3). Filters or market may exclude all."}
{"timestamp":1773457544514,"level":"INFO","category":"ENTRY","message":"[AUTO-TRADE] No eligible tokens (slots 0/3). Filters or market may exclude all."}
{"timestamp":1773457552300,"level":"INFO","category":"ENTRY","message":"[AUTO-TRADE] No eligible tokens (slots 0/3). Filters or market may exclude all."}
{"timestamp":1773457554516,"level":"INFO","category":"ENTRY","message":"[AUTO-TRADE] No eligible tokens (slots 0/3). Filters or market may exclude all."}
{"timestamp":1773457562298,"level":"INFO","category":"ENTRY","message":"[AUTO-TRADE] No eligible tokens (slots 0/3). Filters or market may exclude all."}
{"timestamp":1773457564522,"level":"INFO","category":"ENTRY","message":"[AUTO-TRADE] No eligible tokens (slots 0/3). Filters or market may exclude all."}
{"timestamp":1773457572298,"level":"INFO","category":"ENTRY","message":"[AUTO-TRADE] No eligible tokens (slots 0/3). Filters or market may exclude all."}
{"timestamp":1773457574510,"level":"INFO","category":"ENTRY","message":"[AUTO-TRADE] No eligible tokens (slots 0/3). Filters or market may exclude all."}
{"timestamp":1773457582297,"level":"INFO","category":"ENTRY","message":"[AUTO-TRADE] No eligible tokens (slots 0/3). Filters or market may exclude all."}
{"timestamp":1773457584511,"level":"INFO","category":"ENTRY","message":"[AUTO-TRADE] No eligible tokens (slots 0/3). Filters or market may exclude all."}
{"timestamp":1773457592296,"level":"INFO","category":"ENTRY","message":"[AUTO-TRADE] No eligible tokens (slots 0/3). Filters or market may exclude all."}
{"timestamp":1773457594511,"level":"INFO","category":"ENTRY","message":"[AUTO-TRADE] No eligible tokens (slots 0/3). Filters or market may exclude all."}
{"timestamp":1773457602303,"level":"INFO","category":"ENTRY","message":"[AUTO-TRADE] No eligible tokens (slots 0/3). Filters or market may exclude all."}
{"timestamp":1773457604512,"level":"INFO","category":"ENTRY","message":"[AUTO-TRADE] No eligible tokens (slots 0/3). Filters or market may exclude all."}
{"timestamp":1773457612300,"level":"INFO","category":"ENTRY","message":"[AUTO-TRADE] No eligible tokens (slots 0/3). Filters or market may exclude all."}
{"timestamp":1773457614279,"level":"INFO","category":"EXIT","message":"[CHUNK-SYSTEM] Auto-Exit: Private WS disconnected. Reconnecting..."}
{"timestamp":1773457614516,"level":"INFO","category":"ENTRY","message":"[AUTO-TRADE] No eligible tokens (slots 0/3). Filters or market may exclude all."}
{"timestamp":1773457622300,"level":"INFO","category":"ENTRY","message":"[AUTO-TRADE] No eligible tokens (slots 0/3). Filters or market may exclude all."}
{"timestamp":1773457624518,"level":"INFO","category":"ENTRY","message":"[AUTO-TRADE] No eligible tokens (slots 0/3). Filters or market may exclude all."}
{"timestamp":1773457632296,"level":"INFO","category":"ENTRY","message":"[AUTO-TRADE] No eligible tokens (slots 0/3). Filters or market may exclude all."}
{"timestamp":1773457634514,"level":"INFO","category":"ENTRY","message":"[AUTO-TRADE] No eligible tokens (slots 0/3). Filters or market may exclude all."}
{"timestamp":1773457642297,"level":"INFO","category":"ENTRY","message":"[AUTO-TRADE] No eligible tokens (slots 0/3). Filters or market may exclude all."}
{"timestamp":1773457644514,"level":"INFO","category":"ENTRY","message":"[AUTO-TRADE] No eligible tokens (slots 0/3). Filters or market may exclude all."}
{"timestamp":1773457652297,"level":"INFO","category":"ENTRY","message":"[AUTO-TRADE] No eligible tokens (slots 0/3). Filters or market may exclude all."}
{"timestamp":1773457654519,"level":"INFO","category":"ENTRY","message":"[AUTO-TRADE] No eligible tokens (slots 0/3). Filters or market may exclude all."}
{"timestamp":1773457662299,"level":"INFO","category":"ENTRY","message":"[AUTO-TRADE] No eligible tokens (slots 0/3). Filters or market may exclude all."}
{"timestamp":1773457664514,"level":"INFO","category":"ENTRY","message":"[AUTO-TRADE] No eligible tokens (slots 0/3). Filters or market may exclude all."}
{"timestamp":1773457669147,"level":"INFO","category":"SYSTEM","message":"[WS Server] Client connected. Total: 1"}
{"timestamp":1773457669227,"level":"INFO","category":"SYSTEM","message":"[WS Server] Screener filters updated: minL2SpreadPct=2 fundingType=favourable sortBy=l2Spread banned=0 onlySafe=false"}
{"timestamp":1773457669331,"level":"INFO","category":"SYSTEM","message":"[WS Server] Client connected. Total: 2"}
{"timestamp":1773457669416,"level":"INFO","category":"EXIT","message":"[WS Server] Auto-Exit settings updated from client: autoExit=true autoTrade=true autoTradeUser=admin@tradeictearner.online"}
{"timestamp":1773457671873,"level":"INFO","category":"SYSTEM","message":"[WS Server] Client connected. Total: 3"}
{"timestamp":1773457672300,"level":"INFO","category":"ENTRY","message":"[AUTO-TRADE] No eligible tokens (slots 0/3). Filters or market may exclude all."}
{"timestamp":1773457672508,"level":"INFO","category":"SYSTEM","message":"[WS Server] Client disconnected. Total: 2"}
{"timestamp":1773457674019,"level":"INFO","category":"SYSTEM","message":"[WS Server] Client connected. Total: 3"}
{"timestamp":1773457674526,"level":"INFO","category":"ENTRY","message":"[AUTO-TRADE] No eligible tokens (slots 0/3). Filters or market may exclude all."}
{"timestamp":1773457675585,"level":"INFO","category":"SYSTEM","message":"[WS Server] Client disconnected. Total: 2"}
{"timestamp":1773457677090,"level":"INFO","category":"SYSTEM","message":"[WS Server] Client disconnected. Total: 1"}
{"timestamp":1773457682297,"level":"INFO","category":"ENTRY","message":"[AUTO-TRADE] No eligible tokens (slots 0/3). Filters or market may exclude all."}
{"timestamp":1773457684515,"level":"INFO","category":"ENTRY","message":"[AUTO-TRADE] No eligible tokens (slots 0/3). Filters or market may exclude all."}
{"timestamp":1773457692298,"level":"INFO","category":"ENTRY","message":"[AUTO-TRADE] No eligible tokens (slots 0/3). Filters or market may exclude all."}
{"timestamp":1773457694517,"level":"INFO","category":"ENTRY","message":"[AUTO-TRADE] No eligible tokens (slots 0/3). Filters or market may exclude all."}
{"timestamp":1773457702301,"level":"INFO","category":"ENTRY","message":"[AUTO-TRADE] No eligible tokens (slots 0/3). Filters or market may exclude all."}
{"timestamp":1773457704524,"level":"INFO","category":"ENTRY","message":"[AUTO-TRADE] No eligible tokens (slots 0/3). Filters or market may exclude all."}
{"timestamp":1773457712301,"level":"INFO","category":"ENTRY","message":"[AUTO-TRADE] No eligible tokens (slots 0/3). Filters or market may exclude all."}
{"timestamp":1773457714517,"level":"INFO","category":"ENTRY","message":"[AUTO-TRADE] No eligible tokens (slots 0/3). Filters or market may exclude all."}
{"timestamp":1773457722302,"level":"INFO","category":"ENTRY","message":"[AUTO-TRADE] No eligible tokens (slots 0/3). Filters or market may exclude all."}
{"timestamp":1773457724516,"level":"INFO","category":"ENTRY","message":"[AUTO-TRADE] No eligible tokens (slots 0/3). Filters or market may exclude all."}
{"timestamp":1773457725597,"level":"INFO","category":"SYSTEM","message":"[WS Server] Client disconnected. Total: 0"}
{"timestamp":1773457732301,"level":"INFO","category":"ENTRY","message":"[AUTO-TRADE] No eligible tokens (slots 0/3). Filters or market may exclude all."}
{"timestamp":1773457734516,"level":"INFO","category":"ENTRY","message":"[AUTO-TRADE] No eligible tokens (slots 0/3). Filters or market may exclude all."}
{"timestamp":1773457742309,"level":"INFO","category":"ENTRY","message":"[AUTO-TRADE] No eligible tokens (slots 0/3). Filters or market may exclude all."}
{"timestamp":1773457744518,"level":"INFO","category":"ENTRY","message":"[AUTO-TRADE] No eligible tokens (slots 0/3). Filters or market may exclude all."}
{"timestamp":1773457752304,"level":"INFO","category":"ENTRY","message":"[AUTO-TRADE] No eligible tokens (slots 0/3). Filters or market may exclude all."}
{"timestamp":1773457754517,"level":"INFO","category":"ENTRY","message":"[AUTO-TRADE] No eligible tokens (slots 0/3). Filters or market may exclude all."}
{"timestamp":1773457759076,"level":"INFO","category":"SYSTEM","message":"[WS Server] Client connected. Total: 1"}
{"timestamp":1773457762302,"level":"INFO","category":"ENTRY","message":"[AUTO-TRADE] No eligible tokens (slots 0/3). Filters or market may exclude all."}
{"timestamp":1773457764518,"level":"INFO","category":"ENTRY","message":"[AUTO-TRADE] No eligible tokens (slots 0/3). Filters or market may exclude all."}
{"timestamp":1773457772299,"level":"INFO","category":"ENTRY","message":"[AUTO-TRADE] No eligible tokens (slots 0/3). Filters or market may exclude all."}
{"timestamp":1773457774528,"level":"INFO","category":"ENTRY","message":"[AUTO-TRADE] No eligible tokens (slots 0/3). Filters or market may exclude all."}
{"timestamp":1773457782306,"level":"INFO","category":"ENTRY","message":"[AUTO-TRADE] No eligible tokens (slots 0/3). Filters or market may exclude all."}
{"timestamp":1773457784517,"level":"INFO","category":"ENTRY","message":"[AUTO-TRADE] No eligible tokens (slots 0/3). Filters or market may exclude all."}
{"timestamp":1773457792301,"level":"INFO","category":"ENTRY","message":"[AUTO-TRADE] No eligible tokens (slots 0/3). Filters or market may exclude all."}
{"timestamp":1773457794521,"level":"INFO","category":"ENTRY","message":"[AUTO-TRADE] No eligible tokens (slots 0/3). Filters or market may exclude all."}
{"timestamp":1773457802313,"level":"INFO","category":"ENTRY","message":"[AUTO-TRADE] No eligible tokens (slots 0/3). Filters or market may exclude all."}
{"timestamp":1773457804527,"level":"INFO","category":"ENTRY","message":"[AUTO-TRADE] No eligible tokens (slots 0/3). Filters or market may exclude all."}
{"timestamp":1773457812301,"level":"INFO","category":"ENTRY","message":"[AUTO-TRADE] No eligible tokens (slots 0/3). Filters or market may exclude all."}
{"timestamp":1773457814523,"level":"INFO","category":"ENTRY","message":"[AUTO-TRADE] No eligible tokens (slots 0/3). Filters or market may exclude all."}
{"timestamp":1773457822303,"level":"INFO","category":"ENTRY","message":"[AUTO-TRADE] No eligible tokens (slots 0/3). Filters or market may exclude all."}
{"timestamp":1773457824520,"level":"INFO","category":"ENTRY","message":"[AUTO-TRADE] No eligible tokens (slots 0/3). Filters or market may exclude all."}
{"timestamp":1773457832302,"level":"INFO","category":"ENTRY","message":"[AUTO-TRADE] No eligible tokens (slots 0/3). Filters or market may exclude all."}
{"timestamp":1773457834525,"level":"INFO","category":"ENTRY","message":"[AUTO-TRADE] No eligible tokens (slots 0/3). Filters or market may exclude all."}
{"timestamp":1773457842303,"level":"INFO","category":"ENTRY","message":"[AUTO-TRADE] No eligible tokens (slots 0/3). Filters or market may exclude all."}
{"timestamp":1773457844523,"level":"INFO","category":"ENTRY","message":"[AUTO-TRADE] No eligible tokens (slots 0/3). Filters or market may exclude all."}
{"timestamp":1773457846598,"level":"INFO","category":"EXIT","message":"[CHUNK-SYSTEM] Auto-Exit: Private WS disconnected. Reconnecting..."}
{"timestamp":1773457852308,"level":"INFO","category":"ENTRY","message":"[AUTO-TRADE] No eligible tokens (slots 0/3). Filters or market may exclude all."}
{"timestamp":1773457854520,"level":"INFO","category":"ENTRY","message":"[AUTO-TRADE] No eligible tokens (slots 0/3). Filters or market may exclude all."}
{"timestamp":1773457862305,"level":"INFO","category":"ENTRY","message":"[AUTO-TRADE] No eligible tokens (slots 0/3). Filters or market may exclude all."}
{"timestamp":1773457864530,"level":"INFO","category":"ENTRY","message":"[AUTO-TRADE] No eligible tokens (slots 0/3). Filters or market may exclude all."}
{"timestamp":1773457872304,"level":"INFO","category":"ENTRY","message":"[AUTO-TRADE] No eligible tokens (slots 0/3). Filters or market may exclude all."}
{"timestamp":1773457874524,"level":"INFO","category":"ENTRY","message":"[AUTO-TRADE] No eligible tokens (slots 0/3). Filters or market may exclude all."}
{"timestamp":1773457882304,"level":"INFO","category":"ENTRY","message":"[AUTO-TRADE] No eligible tokens (slots 0/3). Filters or market may exclude all."}
{"timestamp":1773457884522,"level":"INFO","category":"ENTRY","message":"[AUTO-TRADE] No eligible tokens (slots 0/3). Filters or market may exclude all."}
{"timestamp":1773457892304,"level":"INFO","category":"ENTRY","message":"[AUTO-TRADE] No eligible tokens (slots 0/3). Filters or market may exclude all."}
{"timestamp":1773457894523,"level":"INFO","category":"ENTRY","message":"[AUTO-TRADE] No eligible tokens (slots 0/3). Filters or market may exclude all."}
{"timestamp":1773457902313,"level":"INFO","category":"ENTRY","message":"[AUTO-TRADE] No eligible tokens (slots 0/3). Filters or market may exclude all."}
{"timestamp":1773457904524,"level":"INFO","category":"ENTRY","message":"[AUTO-TRADE] No eligible tokens (slots 0/3). Filters or market may exclude all."}
{"timestamp":1773457912306,"level":"INFO","category":"ENTRY","message":"[AUTO-TRADE] No eligible tokens (slots 0/3). Filters or market may exclude all."}
{"timestamp":1773457914522,"level":"INFO","category":"ENTRY","message":"[AUTO-TRADE] No eligible tokens (slots 0/3). Filters or market may exclude all."}
{"timestamp":1773457922308,"level":"INFO","category":"ENTRY","message":"[AUTO-TRADE] No eligible tokens (slots 0/3). Filters or market may exclude all."}
{"timestamp":1773457924532,"level":"INFO","category":"ENTRY","message":"[AUTO-TRADE] No eligible tokens (slots 0/3). Filters or market may exclude all."}
{"timestamp":1773457932306,"level":"INFO","category":"ENTRY","message":"[AUTO-TRADE] No eligible tokens (slots 0/3). Filters or market may exclude all."}
{"timestamp":1773457934524,"level":"INFO","category":"ENTRY","message":"[AUTO-TRADE] No eligible tokens (slots 0/3). Filters or market may exclude all."}
{"timestamp":1773457942312,"level":"INFO","category":"ENTRY","message":"[AUTO-TRADE] No eligible tokens (slots 0/3). Filters or market may exclude all."}
{"timestamp":1773457944525,"level":"INFO","category":"ENTRY","message":"[AUTO-TRADE] No eligible tokens (slots 0/3). Filters or market may exclude all."}
{"timestamp":1773457952307,"level":"INFO","category":"ENTRY","message":"[AUTO-TRADE] No eligible tokens (slots 0/3). Filters or market may exclude all."}
{"timestamp":1773457954522,"level":"INFO","category":"ENTRY","message":"[AUTO-TRADE] No eligible tokens (slots 0/3). Filters or market may exclude all."}
{"timestamp":1773457962308,"level":"INFO","category":"ENTRY","message":"[AUTO-TRADE] No eligible tokens (slots 0/3). Filters or market may exclude all."}
{"timestamp":1773457964521,"level":"INFO","category":"ENTRY","message":"[AUTO-TRADE] No eligible tokens (slots 0/3). Filters or market may exclude all."}
{"timestamp":1773457972440,"level":"INFO","category":"ENTRY","message":"[AUTO-TRADE] No eligible tokens (slots 0/3). Filters or market may exclude all."}
{"timestamp":1773457974521,"level":"INFO","category":"ENTRY","message":"[AUTO-TRADE] No eligible tokens (slots 0/3). Filters or market may exclude all."}
{"timestamp":1773457982304,"level":"INFO","category":"ENTRY","message":"[AUTO-TRADE] No eligible tokens (slots 0/3). Filters or market may exclude all."}
{"timestamp":1773457984527,"level":"INFO","category":"ENTRY","message":"[AUTO-TRADE] No eligible tokens (slots 0/3). Filters or market may exclude all."}
{"timestamp":1773457992305,"level":"INFO","category":"ENTRY","message":"[AUTO-TRADE] No eligible tokens (slots 0/3). Filters or market may exclude all."}
{"timestamp":1773457994531,"level":"INFO","category":"ENTRY","message":"[AUTO-TRADE] No eligible tokens (slots 0/3). Filters or market may exclude all."}
{"timestamp":1773458002303,"level":"INFO","category":"ENTRY","message":"[AUTO-TRADE] No eligible tokens (slots 0/3). Filters or market may exclude all."}
{"timestamp":1773458004523,"level":"INFO","category":"ENTRY","message":"[AUTO-TRADE] No eligible tokens (slots 0/3). Filters or market may exclude all."}
{"timestamp":1773458012303,"level":"INFO","category":"ENTRY","message":"[AUTO-TRADE] No eligible tokens (slots 0/3). Filters or market may exclude all."}
{"timestamp":1773458014523,"level":"INFO","category":"ENTRY","message":"[AUTO-TRADE] No eligible tokens (slots 0/3). Filters or market may exclude all."}
{"timestamp":1773458022306,"level":"INFO","category":"ENTRY","message":"[AUTO-TRADE] No eligible tokens (slots 0/3). Filters or market may exclude all."}
{"timestamp":1773458024523,"level":"INFO","category":"ENTRY","message":"[AUTO-TRADE] No eligible tokens (slots 0/3). Filters or market may exclude all."}
{"timestamp":1773458032310,"level":"INFO","category":"ENTRY","message":"[AUTO-TRADE] No eligible tokens (slots 0/3). Filters or market may exclude all."}
{"timestamp":1773458034523,"level":"INFO","category":"ENTRY","message":"[AUTO-TRADE] No eligible tokens (slots 0/3). Filters or market may exclude all."}
{"timestamp":1773458042308,"level":"INFO","category":"ENTRY","message":"[AUTO-TRADE] No eligible tokens (slots 0/3). Filters or market may exclude all."}
{"timestamp":1773458044524,"level":"INFO","category":"ENTRY","message":"[AUTO-TRADE] No eligible tokens (slots 0/3). Filters or market may exclude all."}
{"timestamp":1773458052307,"level":"INFO","category":"ENTRY","message":"[AUTO-TRADE] No eligible tokens (slots 0/3). Filters or market may exclude all."}
{"timestamp":1773458054522,"level":"INFO","category":"ENTRY","message":"[AUTO-TRADE] No eligible tokens (slots 0/3). Filters or market may exclude all."}
{"timestamp":1773458062309,"level":"INFO","category":"ENTRY","message":"[AUTO-TRADE] No eligible tokens (slots 0/3). Filters or market may exclude all."}
{"timestamp":1773458064931,"level":"INFO","category":"ENTRY","message":"[AUTO-TRADE] No eligible tokens (slots 0/3). Filters or market may exclude all."}
{"timestamp":1773458072374,"level":"INFO","category":"ENTRY","message":"[AUTO-TRADE] No eligible tokens (slots 0/3). Filters or market may exclude all."}
{"timestamp":1773458074933,"level":"INFO","category":"ENTRY","message":"[AUTO-TRADE] No eligible tokens (slots 0/3). Filters or market may exclude all."}
{"timestamp":1773458082311,"level":"INFO","category":"ENTRY","message":"[AUTO-TRADE] No eligible tokens (slots 0/3). Filters or market may exclude all."}
{"timestamp":1773458084943,"level":"INFO","category":"ENTRY","message":"[AUTO-TRADE] No eligible tokens (slots 0/3). Filters or market may exclude all."}
{"timestamp":1773458092311,"level":"INFO","category":"ENTRY","message":"[AUTO-TRADE] No eligible tokens (slots 0/3). Filters or market may exclude all."}
{"timestamp":1773458094940,"level":"INFO","category":"ENTRY","message":"[AUTO-TRADE] No eligible tokens (slots 0/3). Filters or market may exclude all."}
{"timestamp":1773458102374,"level":"INFO","category":"ENTRY","message":"[AUTO-TRADE] No eligible tokens (slots 0/3). Filters or market may exclude all."}
{"timestamp":1773458104946,"level":"INFO","category":"ENTRY","message":"[AUTO-TRADE] No eligible tokens (slots 0/3). Filters or market may exclude all."}
{"timestamp":1773458112311,"level":"INFO","category":"ENTRY","message":"[AUTO-TRADE] No eligible tokens (slots 0/3). Filters or market may exclude all."}
{"timestamp":1773458114943,"level":"INFO","category":"ENTRY","message":"[AUTO-TRADE] No eligible tokens (slots 0/3). Filters or market may exclude all."}
{"timestamp":1773458122308,"level":"INFO","category":"ENTRY","message":"[AUTO-TRADE] No eligible tokens (slots 0/3). Filters or market may exclude all."}
{"timestamp":1773458124941,"level":"INFO","category":"ENTRY","message":"[AUTO-TRADE] No eligible tokens (slots 0/3). Filters or market may exclude all."}
{"timestamp":1773458132314,"level":"INFO","category":"ENTRY","message":"[AUTO-TRADE] No eligible tokens (slots 0/3). Filters or market may exclude all."}
{"timestamp":1773458134941,"level":"INFO","category":"ENTRY","message":"[AUTO-TRADE] No eligible tokens (slots 0/3). Filters or market may exclude all."}
{"timestamp":1773458142308,"level":"INFO","category":"ENTRY","message":"[AUTO-TRADE] No eligible tokens (slots 0/3). Filters or market may exclude all."}
{"timestamp":1773458144940,"level":"INFO","category":"ENTRY","message":"[AUTO-TRADE] No eligible tokens (slots 0/3). Filters or market may exclude all."}
{"timestamp":1773458152307,"level":"INFO","category":"ENTRY","message":"[AUTO-TRADE] No eligible tokens (slots 0/3). Filters or market may exclude all."}
{"timestamp":1773458154940,"level":"INFO","category":"ENTRY","message":"[AUTO-TRADE] No eligible tokens (slots 0/3). Filters or market may exclude all."}
{"timestamp":1773458162311,"level":"INFO","category":"ENTRY","message":"[AUTO-TRADE] No eligible tokens (slots 0/3). Filters or market may exclude all."}
{"timestamp":1773458164940,"level":"INFO","category":"ENTRY","message":"[AUTO-TRADE] No eligible tokens (slots 0/3). Filters or market may exclude all."}
{"timestamp":1773458172306,"level":"INFO","category":"ENTRY","message":"[AUTO-TRADE] No eligible tokens (slots 0/3). Filters or market may exclude all."}
{"timestamp":1773458174950,"level":"INFO","category":"ENTRY","message":"[AUTO-TRADE] No eligible tokens (slots 0/3). Filters or market may exclude all."}
{"timestamp":1773458182308,"level":"INFO","category":"ENTRY","message":"[AUTO-TRADE] No eligible tokens (slots 0/3). Filters or market may exclude all."}
{"timestamp":1773458184943,"level":"INFO","category":"ENTRY","message":"[AUTO-TRADE] No eligible tokens (slots 0/3). Filters or market may exclude all."}
{"timestamp":1773458192315,"level":"INFO","category":"ENTRY","message":"[AUTO-TRADE] No eligible tokens (slots 0/3). Filters or market may exclude all."}
{"timestamp":1773458194942,"level":"INFO","category":"ENTRY","message":"[AUTO-TRADE] No eligible tokens (slots 0/3). Filters or market may exclude all."}
{"timestamp":1773458202317,"level":"INFO","category":"ENTRY","message":"[AUTO-TRADE] No eligible tokens (slots 0/3). Filters or market may exclude all."}
{"timestamp":1773458204945,"level":"INFO","category":"ENTRY","message":"[AUTO-TRADE] No eligible tokens (slots 0/3). Filters or market may exclude all."}
{"timestamp":1773458212313,"level":"INFO","category":"ENTRY","message":"[AUTO-TRADE] No eligible tokens (slots 0/3). Filters or market may exclude all."}
{"timestamp":1773458214339,"level":"INFO","category":"EXIT","message":"[CHUNK-SYSTEM] Auto-Exit: Private WS disconnected. Reconnecting..."}
{"timestamp":1773458214943,"level":"INFO","category":"ENTRY","message":"[AUTO-TRADE] No eligible tokens (slots 0/3). Filters or market may exclude all."}
{"timestamp":1773458222311,"level":"INFO","category":"ENTRY","message":"[AUTO-TRADE] No eligible tokens (slots 0/3). Filters or market may exclude all."}
{"timestamp":1773458224942,"level":"INFO","category":"ENTRY","message":"[AUTO-TRADE] No eligible tokens (slots 0/3). Filters or market may exclude all."}
{"timestamp":1773458232317,"level":"INFO","category":"ENTRY","message":"[AUTO-TRADE] No eligible tokens (slots 0/3). Filters or market may exclude all."}
{"timestamp":1773458234940,"level":"INFO","category":"ENTRY","message":"[AUTO-TRADE] No eligible tokens (slots 0/3). Filters or market may exclude all."}
{"timestamp":1773458242312,"level":"INFO","category":"ENTRY","message":"[AUTO-TRADE] No eligible tokens (slots 0/3). Filters or market may exclude all."}
{"timestamp":1773458244941,"level":"INFO","category":"ENTRY","message":"[AUTO-TRADE] No eligible tokens (slots 0/3). Filters or market may exclude all."}
{"timestamp":1773458252316,"level":"INFO","category":"ENTRY","message":"[AUTO-TRADE] No eligible tokens (slots 0/3). Filters or market may exclude all."}
{"timestamp":1773458254947,"level":"INFO","category":"ENTRY","message":"[AUTO-TRADE] No eligible tokens (slots 0/3). Filters or market may exclude all."}
{"timestamp":1773458262314,"level":"INFO","category":"ENTRY","message":"[AUTO-TRADE] No eligible tokens (slots 0/3). Filters or market may exclude all."}
{"timestamp":1773458264942,"level":"INFO","category":"ENTRY","message":"[AUTO-TRADE] No eligible tokens (slots 0/3). Filters or market may exclude all."}
{"timestamp":1773458272317,"level":"INFO","category":"ENTRY","message":"[AUTO-TRADE] No eligible tokens (slots 0/3). Filters or market may exclude all."}
{"timestamp":1773458274940,"level":"INFO","category":"ENTRY","message":"[AUTO-TRADE] No eligible tokens (slots 0/3). Filters or market may exclude all."}
{"timestamp":1773458282313,"level":"INFO","category":"ENTRY","message":"[AUTO-TRADE] No eligible tokens (slots 0/3). Filters or market may exclude all."}
{"timestamp":1773458284945,"level":"INFO","category":"ENTRY","message":"[AUTO-TRADE] No eligible tokens (slots 0/3). Filters or market may exclude all."}
{"timestamp":1773458292312,"level":"INFO","category":"ENTRY","message":"[AUTO-TRADE] No eligible tokens (slots 0/3). Filters or market may exclude all."}
{"timestamp":1773458294946,"level":"INFO","category":"ENTRY","message":"[AUTO-TRADE] No eligible tokens (slots 0/3). Filters or market may exclude all."}
{"timestamp":1773458302315,"level":"INFO","category":"ENTRY","message":"[AUTO-TRADE] No eligible tokens (slots 0/3). Filters or market may exclude all."}
{"timestamp":1773458304943,"level":"INFO","category":"ENTRY","message":"[AUTO-TRADE] No eligible tokens (slots 0/3). Filters or market may exclude all."}
{"timestamp":1773458312322,"level":"INFO","category":"ENTRY","message":"[AUTO-TRADE] No eligible tokens (slots 0/3). Filters or market may exclude all."}
{"timestamp":1773458314762,"level":"INFO","category":"SYSTEM","message":"[WS Server] Client disconnected. Total: 0"}
{"timestamp":1773458314953,"level":"INFO","category":"ENTRY","message":"[AUTO-TRADE] No eligible tokens (slots 0/3). Filters or market may exclude all."}
{"timestamp":1773458322316,"level":"INFO","category":"ENTRY","message":"[AUTO-TRADE] No eligible tokens (slots 0/3). Filters or market may exclude all."}
{"timestamp":1773458324947,"level":"INFO","category":"ENTRY","message":"[AUTO-TRADE] No eligible tokens (slots 0/3). Filters or market may exclude all."}
{"timestamp":1773458332315,"level":"INFO","category":"ENTRY","message":"[AUTO-TRADE] No eligible tokens (slots 0/3). Filters or market may exclude all."}
{"timestamp":1773458334944,"level":"INFO","category":"ENTRY","message":"[AUTO-TRADE] No eligible tokens (slots 0/3). Filters or market may exclude all."}
{"timestamp":1773458342327,"level":"INFO","category":"ENTRY","message":"[AUTO-TRADE] No eligible tokens (slots 0/3). Filters or market may exclude all."}
{"timestamp":1773458344966,"level":"INFO","category":"ENTRY","message":"[AUTO-TRADE] No eligible tokens (slots 0/3). Filters or market may exclude all."}
{"timestamp":1773458352320,"level":"INFO","category":"ENTRY","message":"[AUTO-TRADE] No eligible tokens (slots 0/3). Filters or market may exclude all."}
{"timestamp":1773458354948,"level":"INFO","category":"ENTRY","message":"[AUTO-TRADE] No eligible tokens (slots 0/3). Filters or market may exclude all."}
